<?xml version="1.0" encoding="UTF-8"?>
<!-- Generated by org.testng.reporters.JUnitXMLReporter -->
<testsuite hostname="DESKTOP-3J3D5PM" ignored="0" name="Default test" tests="3" failures="0" timestamp="04 Dec 2022 23:36:51 GMT" time="19.638" errors="0">
  <testcase name="validUsershouldAbleToAddCategory" time="6.236" classname="test.AddCategoryTest"/>
  <testcase name="validUsershouldnotAbleToAddCategory" time="1.059" classname="test.AddCategoryTest"/>
  <testcase name="validateMpnthDropDown" time="1.291" classname="test.AddCategoryTest"/>
</testsuite> <!-- Default test -->
